<?xml version="1.0" encoding="UTF-8"?>
<!-- Generated by org.testng.reporters.JUnitReportReporter -->
<testsuite hostname="wfh-PC" name="com.miyuan.rpc.cases.PeerCount" tests="1" failures="0" timestamp="24 Jul 2018 09:08:21 GMT" time="2.900" errors="0">
  <testcase name="peerCount" time="2.900" classname="com.miyuan.rpc.cases.PeerCount"/>
</testsuite>
